[2019-05-27 15:58:08] DEBUG org.springframework.context.support.AbstractApplicationContext 594 prepareRefresh - Refreshing Root WebApplicationContext
[2019-05-27 15:58:08] DEBUG org.springframework.context.annotation.ClassPathScanningCandidateComponentProvider 437 scanCandidateComponents - Identified candidate component class: file [D:\task2\sign_up\student\studentweb\target\classes\com\jnshu\controller\MainController.class]
[2019-05-27 15:58:08] DEBUG org.springframework.context.annotation.ClassPathScanningCandidateComponentProvider 437 scanCandidateComponents - Identified candidate component class: file [D:\task2\sign_up\student\studentweb\target\classes\com\jnshu\controller\StudentController.class]
[2019-05-27 15:58:08] DEBUG org.springframework.context.annotation.ClassPathScanningCandidateComponentProvider 437 scanCandidateComponents - Identified candidate component class: file [D:\task2\sign_up\student\studentweb\target\classes\com\jnshu\service\StudentServiceImpl.class]
[2019-05-27 15:58:08] DEBUG org.springframework.beans.factory.xml.XmlBeanDefinitionReader 395 doLoadBeanDefinitions - Loaded 12 bean definitions from class path resource [applicationContext.xml]
[2019-05-27 15:58:08] DEBUG org.springframework.beans.factory.support.DefaultSingletonBeanRegistry 213 getSingleton - Creating shared instance of singleton bean 'org.springframework.context.annotation.internalConfigurationAnnotationProcessor'
[2019-05-27 15:58:08] DEBUG org.springframework.beans.factory.support.DefaultSingletonBeanRegistry 213 getSingleton - Creating shared instance of singleton bean 'org.mybatis.spring.mapper.MapperScannerConfigurer#0'
[2019-05-27 15:58:09] DEBUG org.springframework.context.annotation.ClassPathScanningCandidateComponentProvider 437 scanCandidateComponents - Identified candidate component class: file [D:\task2\sign_up\student\studentweb\target\classes\com\jnshu\mapper\StudentMapper.class]
[2019-05-27 15:58:09] DEBUG org.springframework.beans.factory.support.DefaultSingletonBeanRegistry 213 getSingleton - Creating shared instance of singleton bean 'org.springframework.context.support.PropertySourcesPlaceholderConfigurer#0'
[2019-05-27 15:58:09] DEBUG org.springframework.jndi.JndiTemplate 154 lookup - Looking up JNDI object with name [java:comp/env/jdbc.driver]
[2019-05-27 15:58:09] DEBUG org.springframework.jndi.JndiLocatorSupport 102 lookup - Converted JNDI name [java:comp/env/jdbc.driver] not found - trying original name [jdbc.driver]. javax.naming.NameNotFoundException; remaining name 'jdbc.driver'
[2019-05-27 15:58:09] DEBUG org.springframework.jndi.JndiTemplate 154 lookup - Looking up JNDI object with name [jdbc.driver]
[2019-05-27 15:58:09] DEBUG org.springframework.jndi.JndiPropertySource 101 getProperty - JNDI lookup for name [jdbc.driver] threw NamingException with message: null. Returning null.
[2019-05-27 15:58:09] DEBUG org.springframework.core.env.PropertySourcesPropertyResolver 115 logKeyFound - Found key 'jdbc.driver' in PropertySource 'localProperties' with value of type String
[2019-05-27 15:58:09] DEBUG org.springframework.jndi.JndiTemplate 154 lookup - Looking up JNDI object with name [java:comp/env/jdbc.username]
[2019-05-27 15:58:09] DEBUG org.springframework.jndi.JndiLocatorSupport 102 lookup - Converted JNDI name [java:comp/env/jdbc.username] not found - trying original name [jdbc.username]. javax.naming.NameNotFoundException; remaining name 'jdbc.username'
[2019-05-27 15:58:09] DEBUG org.springframework.jndi.JndiTemplate 154 lookup - Looking up JNDI object with name [jdbc.username]
[2019-05-27 15:58:09] DEBUG org.springframework.jndi.JndiPropertySource 101 getProperty - JNDI lookup for name [jdbc.username] threw NamingException with message: null. Returning null.
[2019-05-27 15:58:09] DEBUG org.springframework.core.env.PropertySourcesPropertyResolver 115 logKeyFound - Found key 'jdbc.username' in PropertySource 'localProperties' with value of type String
[2019-05-27 15:58:09] DEBUG org.springframework.jndi.JndiTemplate 154 lookup - Looking up JNDI object with name [java:comp/env/jdbc.password]
[2019-05-27 15:58:09] DEBUG org.springframework.jndi.JndiLocatorSupport 102 lookup - Converted JNDI name [java:comp/env/jdbc.password] not found - trying original name [jdbc.password]. javax.naming.NameNotFoundException; remaining name 'jdbc.password'
[2019-05-27 15:58:09] DEBUG org.springframework.jndi.JndiTemplate 154 lookup - Looking up JNDI object with name [jdbc.password]
[2019-05-27 15:58:09] DEBUG org.springframework.jndi.JndiPropertySource 101 getProperty - JNDI lookup for name [jdbc.password] threw NamingException with message: null. Returning null.
[2019-05-27 15:58:09] DEBUG org.springframework.core.env.PropertySourcesPropertyResolver 115 logKeyFound - Found key 'jdbc.password' in PropertySource 'localProperties' with value of type String
[2019-05-27 15:58:09] DEBUG org.springframework.jndi.JndiTemplate 154 lookup - Looking up JNDI object with name [java:comp/env/jdbc.url]
[2019-05-27 15:58:09] DEBUG org.springframework.jndi.JndiLocatorSupport 102 lookup - Converted JNDI name [java:comp/env/jdbc.url] not found - trying original name [jdbc.url]. javax.naming.NameNotFoundException; remaining name 'jdbc.url'
[2019-05-27 15:58:09] DEBUG org.springframework.jndi.JndiTemplate 154 lookup - Looking up JNDI object with name [jdbc.url]
[2019-05-27 15:58:09] DEBUG org.springframework.jndi.JndiPropertySource 101 getProperty - JNDI lookup for name [jdbc.url] threw NamingException with message: null. Returning null.
[2019-05-27 15:58:09] DEBUG org.springframework.core.env.PropertySourcesPropertyResolver 115 logKeyFound - Found key 'jdbc.url' in PropertySource 'localProperties' with value of type String
[2019-05-27 15:58:09] DEBUG org.springframework.beans.factory.support.DefaultSingletonBeanRegistry 213 getSingleton - Creating shared instance of singleton bean 'org.springframework.context.event.internalEventListenerProcessor'
[2019-05-27 15:58:09] DEBUG org.springframework.beans.factory.support.DefaultSingletonBeanRegistry 213 getSingleton - Creating shared instance of singleton bean 'org.springframework.context.event.internalEventListenerFactory'
[2019-05-27 15:58:09] DEBUG org.springframework.beans.factory.support.DefaultSingletonBeanRegistry 213 getSingleton - Creating shared instance of singleton bean 'org.springframework.context.annotation.internalAutowiredAnnotationProcessor'
[2019-05-27 15:58:09] DEBUG org.springframework.beans.factory.support.DefaultSingletonBeanRegistry 213 getSingleton - Creating shared instance of singleton bean 'org.springframework.context.annotation.internalCommonAnnotationProcessor'
[2019-05-27 15:58:09] DEBUG org.springframework.ui.context.support.UiApplicationContextUtils 85 initThemeSource - Unable to locate ThemeSource with name 'themeSource': using default [org.springframework.ui.context.support.ResourceBundleThemeSource@4dc52559]
[2019-05-27 15:58:09] DEBUG org.springframework.beans.factory.support.DefaultSingletonBeanRegistry 213 getSingleton - Creating shared instance of singleton bean 'mainController'
[2019-05-27 15:58:09] DEBUG org.springframework.beans.factory.support.DefaultSingletonBeanRegistry 213 getSingleton - Creating shared instance of singleton bean 'studentServiceImpl'
[2019-05-27 15:58:09] DEBUG org.springframework.beans.factory.support.DefaultSingletonBeanRegistry 213 getSingleton - Creating shared instance of singleton bean 'studentMapper'
[2019-05-27 15:58:09] DEBUG org.springframework.beans.factory.support.DefaultSingletonBeanRegistry 213 getSingleton - Creating shared instance of singleton bean 'sqlSessionFactory'
[2019-05-27 15:58:09] DEBUG org.springframework.beans.factory.support.DefaultSingletonBeanRegistry 213 getSingleton - Creating shared instance of singleton bean 'dataSource'
[2019-05-27 15:58:09] DEBUG org.springframework.beans.factory.support.DefaultSingletonBeanRegistry 213 getSingleton - Creating shared instance of singleton bean 'studentController'
[2019-05-27 15:58:09] DEBUG org.springframework.jndi.JndiTemplate 154 lookup - Looking up JNDI object with name [java:comp/env/spring.liveBeansView.mbeanDomain]
[2019-05-27 15:58:09] DEBUG org.springframework.jndi.JndiLocatorSupport 102 lookup - Converted JNDI name [java:comp/env/spring.liveBeansView.mbeanDomain] not found - trying original name [spring.liveBeansView.mbeanDomain]. javax.naming.NameNotFoundException; remaining name 'spring.liveBeansView.mbeanDomain'
[2019-05-27 15:58:09] DEBUG org.springframework.jndi.JndiTemplate 154 lookup - Looking up JNDI object with name [spring.liveBeansView.mbeanDomain]
[2019-05-27 15:58:09] DEBUG org.springframework.jndi.JndiPropertySource 101 getProperty - JNDI lookup for name [spring.liveBeansView.mbeanDomain] threw NamingException with message: null. Returning null.
[2019-05-27 15:58:09] DEBUG org.springframework.web.filter.GenericFilterBean 241 init - Filter 'HiddenHttpMethodFilter' configured for use
[2019-05-27 15:58:09] DEBUG org.springframework.web.filter.GenericFilterBean 241 init - Filter 'EncodingFilter' configured for use
